<?xml version="1.0" encoding="UTF-8"?>
<!-- Generated by org.testng.reporters.JUnitReportReporter -->
<testsuite hostname="VI06ONBNI06F7" name="com.qspiders.test.SampleTest" tests="1" failures="0" timestamp="1 Mar 2018 12:17:49 GMT" time="0.009" errors="0">
  <testcase name="sampletest" time="0.009" classname="com.qspiders.test.SampleTest"/>
</testsuite> <!-- com.qspiders.test.SampleTest -->
